Feb 21 01:23:36 raspberrypi systemd-logind[445]: New seat seat0.
Feb 21 01:23:36 raspberrypi systemd-logind[445]: Watching system buttons on /dev/input/event1 (vc4)
Feb 21 01:23:36 raspberrypi systemd-logind[445]: Watching system buttons on /dev/input/event0 (CHICONY USB NetVista Full Width Keyboard)
Mar 15 10:36:11 raspberrypi chpasswd[1104]: pam_unix(chpasswd:chauthtok): password changed for pi
Mar 15 10:36:32 raspberrypi login[1102]: pam_unix(login:session): session opened for user pi(uid=1000) by LOGIN(uid=0)
Mar 15 10:36:32 raspberrypi systemd-logind[445]: New session 1 of user pi.
Mar 15 10:36:32 raspberrypi systemd: pam_unix(systemd-user:session): session opened for user pi(uid=1000) by (uid=0)
Mar 15 10:36:37 raspberrypi sudo:       pi : TTY=tty1 ; PWD=/home/pi ; USER=root ; COMMAND=/usr/bin/raspi-config
Mar 15 10:36:37 raspberrypi sudo: pam_unix(sudo:session): session opened for user root(uid=0) by pi(uid=1000)
Mar 15 10:37:37 raspberrypi systemd-logind[445]: Watching system buttons on /dev/input/event0 (CHICONY USB NetVista Full Width Keyboard)
Mar 15 10:37:37 raspberrypi systemd-logind[445]: Watching system buttons on /dev/input/event1 (vc4)
Mar 15 10:37:59 raspberrypi sshd[1688]: Server listening on 0.0.0.0 port 22.
Mar 15 10:37:59 raspberrypi sshd[1688]: Server listening on :: port 22.
Mar 15 10:40:21 raspberrypi sudo: pam_unix(sudo:session): session closed for user root
Mar 15 11:40:27 rpi-master systemd-logind[432]: New seat seat0.
Mar 15 11:40:27 rpi-master systemd-logind[432]: Watching system buttons on /dev/input/event1 (vc4)
Mar 15 11:40:27 rpi-master systemd-logind[432]: Watching system buttons on /dev/input/event0 (CHICONY USB NetVista Full Width Keyboard)
Mar 15 11:40:27 rpi-master systemd-logind[432]: Watching system buttons on /dev/input/event1 (vc4)
Mar 15 11:40:28 rpi-master sshd[514]: Server listening on 0.0.0.0 port 22.
Mar 15 11:40:28 rpi-master sshd[514]: Server listening on :: port 22.
Mar 15 11:42:04 rpi-master login[508]: pam_unix(login:session): session opened for user pi(uid=1000) by LOGIN(uid=0)
Mar 15 11:42:04 rpi-master systemd-logind[432]: New session 1 of user pi.
Mar 15 11:42:04 rpi-master systemd: pam_unix(systemd-user:session): session opened for user pi(uid=1000) by (uid=0)
Mar 15 12:11:38 rpi-master sudo:       pi : TTY=tty1 ; PWD=/home/pi ; USER=root ; COMMAND=/usr/bin/apt update
Mar 15 12:11:38 rpi-master sudo: pam_unix(sudo:session): session opened for user root(uid=0) by pi(uid=1000)
Mar 15 12:11:46 rpi-master sudo: pam_unix(sudo:session): session closed for user root
Mar 15 12:11:50 rpi-master sudo:       pi : TTY=tty1 ; PWD=/home/pi ; USER=root ; COMMAND=/usr/bin/apt upgrade
Mar 15 12:11:56 rpi-master sudo: pam_unix(sudo:session): session opened for user root(uid=0) by pi(uid=1000)
Mar 15 12:15:00 rpi-master sudo: pam_unix(sudo:session): session closed for user root
Mar 15 12:16:32 rpi-master sudo:       pi : TTY=tty1 ; PWD=/home/pi ; USER=root ; COMMAND=/usr/bin/apt install vim
Mar 15 12:16:32 rpi-master sudo: pam_unix(sudo:session): session opened for user root(uid=0) by pi(uid=1000)
Mar 15 12:16:53 rpi-master sudo: pam_unix(sudo:session): session closed for user root
Mar 15 12:17:01 rpi-master CRON[2895]: pam_unix(cron:session): session opened for user root(uid=0) by (uid=0)
Mar 15 12:17:01 rpi-master CRON[2895]: pam_unix(cron:session): session closed for user root
Mar 15 12:18:09 rpi-master sudo:       pi : TTY=tty1 ; PWD=/home/pi ; USER=root ; COMMAND=/usr/bin/mkdir -p /nfs/vanilla-master
Mar 15 12:18:09 rpi-master sudo: pam_unix(sudo:session): session opened for user root(uid=0) by pi(uid=1000)
Mar 15 12:18:09 rpi-master sudo: pam_unix(sudo:session): session closed for user root
Mar 15 12:18:17 rpi-master sudo:       pi : TTY=tty1 ; PWD=/home/pi ; USER=root ; COMMAND=/usr/bin/apt install rsync
Mar 15 12:18:17 rpi-master sudo: pam_unix(sudo:session): session opened for user root(uid=0) by pi(uid=1000)
Mar 15 12:18:20 rpi-master sudo: pam_unix(sudo:session): session closed for user root
Mar 15 12:18:46 rpi-master sudo:       pi : TTY=tty1 ; PWD=/home/pi ; USER=root ; COMMAND=/usr/bin/rsync -xa --progress --exclude /nfs / /nfs/vanilla-master
Mar 15 12:18:46 rpi-master sudo: pam_unix(sudo:session): session opened for user root(uid=0) by pi(uid=1000)
Mar 15 12:30:47 rpi-master sudo: pam_unix(sudo:session): session closed for user root
Mar 15 12:34:43 rpi-master sudo:       pi : TTY=tty1 ; PWD=/home/pi ; USER=root ; COMMAND=/usr/bin/tar -cpf /rpi-vanilla-master /nfs/vanilla-master
Mar 15 12:34:43 rpi-master sudo: pam_unix(sudo:session): session opened for user root(uid=0) by pi(uid=1000)
Mar 15 12:38:17 rpi-master sudo: pam_unix(sudo:session): session closed for user root
Mar 15 13:11:20 rpi-master sudo:       pi : TTY=tty1 ; PWD=/home/pi ; USER=root ; COMMAND=/usr/sbin/poweroff
Mar 15 13:11:20 rpi-master sudo: pam_unix(sudo:session): session opened for user root(uid=0) by pi(uid=1000)
Mar 15 13:11:20 rpi-master sudo: pam_unix(sudo:session): session closed for user root
Mar 15 13:11:21 rpi-master sshd[514]: Received signal 15; terminating.
Mar 15 13:11:27 rpi-master systemd-logind[443]: New seat seat0.
Mar 15 13:11:27 rpi-master systemd-logind[443]: Watching system buttons on /dev/input/event1 (vc4)
Mar 15 13:11:27 rpi-master systemd-logind[443]: Watching system buttons on /dev/input/event0 (CHICONY USB NetVista Full Width Keyboard)
Mar 15 13:11:28 rpi-master sshd[519]: Server listening on 0.0.0.0 port 22.
Mar 15 13:11:28 rpi-master sshd[519]: Server listening on :: port 22.
Mar 15 13:11:40 rpi-master login[506]: pam_unix(login:session): session opened for user pi(uid=1000) by LOGIN(uid=0)
Mar 15 13:11:40 rpi-master systemd-logind[443]: New session 1 of user pi.
Mar 15 13:11:40 rpi-master systemd: pam_unix(systemd-user:session): session opened for user pi(uid=1000) by (uid=0)
Mar 15 13:12:43 rpi-master sudo:       pi : TTY=tty1 ; PWD=/home/pi ; USER=root ; COMMAND=/usr/bin/tar -cpf /rpi-vanilla-master.tar /nfs/vanilla-master
Mar 15 13:12:43 rpi-master sudo: pam_unix(sudo:session): session opened for user root(uid=0) by pi(uid=1000)
Mar 15 13:15:43 rpi-master sudo: pam_unix(sudo:session): session closed for user root
Mar 15 13:16:21 rpi-master sudo:       pi : TTY=tty1 ; PWD=/home/pi ; USER=root ; COMMAND=/usr/bin/rm /rpi-vanilla-master
Mar 15 13:16:21 rpi-master sudo: pam_unix(sudo:session): session opened for user root(uid=0) by pi(uid=1000)
Mar 15 13:16:21 rpi-master sudo: pam_unix(sudo:session): session closed for user root
Mar 15 13:17:01 rpi-master CRON[677]: pam_unix(cron:session): session opened for user root(uid=0) by (uid=0)
Mar 15 13:17:02 rpi-master CRON[677]: pam_unix(cron:session): session closed for user root
Mar 15 13:20:59 rpi-master sudo:       pi : TTY=tty1 ; PWD=/home/pi ; USER=root ; COMMAND=/usr/bin/tee -a /boot/config.txt
Mar 15 13:20:59 rpi-master sudo: pam_unix(sudo:session): session opened for user root(uid=0) by pi(uid=1000)
Mar 15 13:20:59 rpi-master sudo: pam_unix(sudo:session): session closed for user root
Mar 15 13:21:20 rpi-master sudo:       pi : TTY=tty1 ; PWD=/home/pi ; USER=root ; COMMAND=/usr/sbin/reboot
Mar 15 13:21:20 rpi-master sudo: pam_unix(sudo:session): session opened for user root(uid=0) by pi(uid=1000)
Mar 15 13:21:27 rpi-master systemd-logind[442]: New seat seat0.
Mar 15 13:21:27 rpi-master systemd-logind[442]: Watching system buttons on /dev/input/event1 (vc4)
Mar 15 13:21:27 rpi-master systemd-logind[442]: Watching system buttons on /dev/input/event0 (CHICONY USB NetVista Full Width Keyboard)
Mar 15 13:21:27 rpi-master systemd-logind[442]: Watching system buttons on /dev/input/event1 (vc4)
Mar 15 13:21:28 rpi-master sshd[519]: Server listening on 0.0.0.0 port 22.
Mar 15 13:21:28 rpi-master sshd[519]: Server listening on :: port 22.
Mar 15 13:21:38 rpi-master login[504]: pam_unix(login:session): session opened for user pi(uid=1000) by LOGIN(uid=0)
Mar 15 13:21:39 rpi-master systemd-logind[442]: New session 1 of user pi.
Mar 15 13:21:39 rpi-master systemd: pam_unix(systemd-user:session): session opened for user pi(uid=1000) by (uid=0)
Mar 15 13:22:58 rpi-master sudo:       pi : TTY=tty1 ; PWD=/home/pi ; USER=root ; COMMAND=/usr/sbin/poweroff
Mar 15 13:22:58 rpi-master sudo: pam_unix(sudo:session): session opened for user root(uid=0) by pi(uid=1000)
Mar 15 13:22:58 rpi-master sudo: pam_unix(sudo:session): session closed for user root
Mar 15 13:23:04 rpi-master systemd-logind[398]: Watching system buttons on /dev/input/event0 (CHICONY USB NetVista Full Width Keyboard)
Mar 15 13:23:04 rpi-master systemd-logind[398]: New seat seat0.
Mar 15 13:23:05 rpi-master systemd-logind[398]: Watching system buttons on /dev/input/event1 (vc4)
Mar 15 13:23:06 rpi-master sshd[510]: Server listening on 0.0.0.0 port 22.
Mar 15 13:23:06 rpi-master sshd[510]: Server listening on :: port 22.
Mar 15 13:34:34 rpi-master login[501]: pam_unix(login:session): session opened for user pi(uid=1000) by LOGIN(uid=0)
Mar 15 13:34:34 rpi-master systemd-logind[398]: New session 1 of user pi.
Mar 15 13:34:34 rpi-master systemd: pam_unix(systemd-user:session): session opened for user pi(uid=1000) by (uid=0)
Mar 15 13:41:00 rpi-master sudo:       pi : TTY=tty1 ; PWD=/boot ; USER=root ; COMMAND=/usr/sbin/poweroff
Mar 15 13:41:00 rpi-master sudo: pam_unix(sudo:session): session opened for user root(uid=0) by pi(uid=1000)
Mar 15 13:41:00 rpi-master sudo: pam_unix(sudo:session): session closed for user root
Mar 15 13:41:06 rpi-master systemd-logind[378]: Watching system buttons on /dev/input/event0 (CHICONY USB NetVista Full Width Keyboard)
Mar 15 13:41:06 rpi-master systemd-logind[378]: New seat seat0.
Mar 15 13:41:07 rpi-master systemd-logind[378]: Watching system buttons on /dev/input/event1 (vc4)
Mar 15 13:41:07 rpi-master sshd[481]: Server listening on 0.0.0.0 port 22.
Mar 15 13:41:07 rpi-master sshd[481]: Server listening on :: port 22.
Mar 15 15:15:03 rpi-master sshd[671]: Accepted password for pi from 172.20.60.249 port 53473 ssh2
Mar 15 15:15:03 rpi-master sshd[671]: pam_unix(sshd:session): session opened for user pi(uid=1000) by (uid=0)
Mar 15 15:15:03 rpi-master systemd-logind[378]: New session 1 of user pi.
Mar 15 15:15:03 rpi-master systemd: pam_unix(systemd-user:session): session opened for user pi(uid=1000) by (uid=0)
Mar 15 15:15:34 rpi-master sudo:       pi : TTY=pts/0 ; PWD=/home/pi ; USER=root ; COMMAND=/usr/bin/su
Mar 15 15:15:34 rpi-master sudo: pam_unix(sudo:session): session opened for user root(uid=0) by pi(uid=1000)
Mar 15 15:15:34 rpi-master su: (to root) pi on pts/0
Mar 15 15:15:34 rpi-master su: pam_unix(su:session): session opened for user root(uid=0) by pi(uid=0)
Mar 15 15:17:01 rpi-master CRON[726]: pam_unix(cron:session): session opened for user root(uid=0) by (uid=0)
Mar 15 15:17:01 rpi-master CRON[726]: pam_unix(cron:session): session closed for user root
Mar 15 15:19:27 rpi-master su: pam_unix(su:session): session closed for user root
Mar 15 15:19:27 rpi-master sudo: pam_unix(sudo:session): session closed for user root
Mar 15 15:20:57 rpi-master sudo:       pi : TTY=pts/0 ; PWD=/home/pi ; USER=root ; COMMAND=/usr/bin/rsync -xa --progress --exclude /nfs / /nfs/vanilla-master
Mar 15 15:20:57 rpi-master sudo: pam_unix(sudo:session): session opened for user root(uid=0) by pi(uid=1000)
Mar 16 17:12:18 rpi-master systemd-logind[290]: New seat seat0.
Mar 16 17:12:19 rpi-master systemd-logind[290]: Watching system buttons on /dev/input/event0 (CHICONY USB NetVista Full Width Keyboard)
Mar 16 17:12:27 rpi-master systemd-logind[290]: Watching system buttons on /dev/input/event1 (vc4)
Mar 16 17:12:29 rpi-master sshd[472]: Server listening on 0.0.0.0 port 22.
Mar 16 17:12:29 rpi-master sshd[472]: Server listening on :: port 22.
Mar 16 17:15:48 rpi-master login[418]: pam_unix(login:session): session opened for user pi(uid=1000) by LOGIN(uid=0)
Mar 16 17:15:49 rpi-master systemd-logind[290]: New session 1 of user pi.
Mar 16 17:15:49 rpi-master systemd: pam_unix(systemd-user:session): session opened for user pi(uid=1000) by (uid=0)
Mar 16 17:16:06 rpi-master sudo:       pi : TTY=tty1 ; PWD=/home/pi ; USER=root ; COMMAND=/usr/bin/vim /etc/network/interfaces.d/eth0
Mar 16 17:16:06 rpi-master sudo: pam_unix(sudo:session): session opened for user root(uid=0) by pi(uid=1000)
Mar 16 17:16:16 rpi-master sudo: pam_unix(sudo:session): session closed for user root
Mar 16 17:16:46 rpi-master sudo:       pi : TTY=tty1 ; PWD=/home/pi ; USER=root ; COMMAND=/usr/sbin/reboot
Mar 16 17:16:46 rpi-master sudo: pam_unix(sudo:session): session opened for user root(uid=0) by pi(uid=1000)
Mar 16 17:16:47 rpi-master sudo: pam_unix(sudo:session): session closed for user root
Mar 16 17:17:50 rpi-master systemd-logind[224]: New seat seat0.
Mar 16 17:17:51 rpi-master systemd-logind[224]: Watching system buttons on /dev/input/event0 (CHICONY USB NetVista Full Width Keyboard)
Mar 16 17:17:52 rpi-master systemd-logind[224]: Watching system buttons on /dev/input/event1 (vc4)
Mar 16 17:17:54 rpi-master sshd[547]: Server listening on 0.0.0.0 port 22.
Mar 16 17:17:54 rpi-master sshd[547]: Server listening on :: port 22.
Mar 16 17:18:27 rpi-master login[545]: pam_unix(login:session): session opened for user pi(uid=1000) by LOGIN(uid=0)
Mar 16 17:18:27 rpi-master systemd-logind[224]: New session 1 of user pi.
Mar 16 17:18:27 rpi-master systemd: pam_unix(systemd-user:session): session opened for user pi(uid=1000) by (uid=0)
Mar 16 17:19:01 rpi-master sudo:       pi : TTY=tty1 ; PWD=/home/pi ; USER=root ; COMMAND=/usr/bin/raspi-config
Mar 16 17:19:01 rpi-master sudo: pam_unix(sudo:session): session opened for user root(uid=0) by pi(uid=1000)
Mar 16 17:19:54 rpi-master sudo: pam_unix(sudo:session): session closed for user root
Mar 16 17:20:57 rpi-master systemd-logind[223]: New seat seat0.
Mar 16 17:20:58 rpi-master systemd-logind[223]: Watching system buttons on /dev/input/event0 (CHICONY USB NetVista Full Width Keyboard)
Mar 16 17:20:59 rpi-master systemd-logind[223]: Watching system buttons on /dev/input/event1 (vc4)
Mar 16 17:21:02 rpi-master sshd[569]: Server listening on 0.0.0.0 port 22.
Mar 16 17:21:02 rpi-master sshd[569]: Server listening on :: port 22.
Mar 16 17:58:36 rpi-master sshd[671]: Accepted password for pi from 172.20.60.249 port 52873 ssh2
Mar 16 17:58:36 rpi-master sshd[671]: pam_unix(sshd:session): session opened for user pi(uid=1000) by (uid=0)
Mar 16 17:58:36 rpi-master systemd-logind[223]: New session 1 of user pi.
Mar 16 17:58:36 rpi-master systemd: pam_unix(systemd-user:session): session opened for user pi(uid=1000) by (uid=0)
Mar 16 18:17:01 rpi-master CRON[758]: pam_unix(cron:session): session opened for user root(uid=0) by (uid=0)
Mar 16 18:17:01 rpi-master CRON[758]: pam_unix(cron:session): session closed for user root
