2023-03-15 12:12:57 startup archives unpack
2023-03-15 12:12:58 upgrade curl:armhf 7.74.0-1.3+deb11u5 7.74.0-1.3+deb11u7
2023-03-15 12:12:58 status half-configured curl:armhf 7.74.0-1.3+deb11u5
2023-03-15 12:12:59 status unpacked curl:armhf 7.74.0-1.3+deb11u5
2023-03-15 12:12:59 status half-installed curl:armhf 7.74.0-1.3+deb11u5
2023-03-15 12:12:59 status triggers-pending man-db:armhf 2.9.4-2
2023-03-15 12:12:59 status unpacked curl:armhf 7.74.0-1.3+deb11u7
2023-03-15 12:12:59 upgrade libcurl4:armhf 7.74.0-1.3+deb11u5 7.74.0-1.3+deb11u7
2023-03-15 12:12:59 status triggers-pending libc-bin:armhf 2.31-13+rpt2+rpi1+deb11u5
2023-03-15 12:12:59 status half-configured libcurl4:armhf 7.74.0-1.3+deb11u5
2023-03-15 12:12:59 status unpacked libcurl4:armhf 7.74.0-1.3+deb11u5
2023-03-15 12:12:59 status half-installed libcurl4:armhf 7.74.0-1.3+deb11u5
2023-03-15 12:12:59 status unpacked libcurl4:armhf 7.74.0-1.3+deb11u7
2023-03-15 12:13:00 upgrade raspberrypi-kernel:armhf 1:1.20230106-1 1:1.20230306-1
2023-03-15 12:13:00 status half-configured raspberrypi-kernel:armhf 1:1.20230106-1
2023-03-15 12:13:00 status unpacked raspberrypi-kernel:armhf 1:1.20230106-1
2023-03-15 12:13:00 status half-installed raspberrypi-kernel:armhf 1:1.20230106-1
2023-03-15 12:13:49 status unpacked raspberrypi-kernel:armhf 1:1.20230306-1
2023-03-15 12:13:50 upgrade libcamera0:armhf 0~git20230124+9b860a66-1 0~git20230302+923f5d70-1
2023-03-15 12:13:50 status half-configured libcamera0:armhf 0~git20230124+9b860a66-1
2023-03-15 12:13:50 status unpacked libcamera0:armhf 0~git20230124+9b860a66-1
2023-03-15 12:13:50 status half-installed libcamera0:armhf 0~git20230124+9b860a66-1
2023-03-15 12:13:51 status unpacked libcamera0:armhf 0~git20230302+923f5d70-1
2023-03-15 12:13:51 upgrade libtiff5:armhf 4.2.0-1+deb11u3 4.2.0-1+deb11u4
2023-03-15 12:13:51 status half-configured libtiff5:armhf 4.2.0-1+deb11u3
2023-03-15 12:13:51 status unpacked libtiff5:armhf 4.2.0-1+deb11u3
2023-03-15 12:13:51 status half-installed libtiff5:armhf 4.2.0-1+deb11u3
2023-03-15 12:13:51 status unpacked libtiff5:armhf 4.2.0-1+deb11u4
2023-03-15 12:13:51 upgrade libcamera-apps-lite:armhf 0~git20230125+9f08463-1 0~git20230301+54a781d-1
2023-03-15 12:13:51 status half-configured libcamera-apps-lite:armhf 0~git20230125+9f08463-1
2023-03-15 12:13:51 status unpacked libcamera-apps-lite:armhf 0~git20230125+9f08463-1
2023-03-15 12:13:51 status half-installed libcamera-apps-lite:armhf 0~git20230125+9f08463-1
2023-03-15 12:13:52 status unpacked libcamera-apps-lite:armhf 0~git20230301+54a781d-1
2023-03-15 12:13:52 upgrade libcurl3-gnutls:armhf 7.74.0-1.3+deb11u5 7.74.0-1.3+deb11u7
2023-03-15 12:13:52 status half-configured libcurl3-gnutls:armhf 7.74.0-1.3+deb11u5
2023-03-15 12:13:52 status unpacked libcurl3-gnutls:armhf 7.74.0-1.3+deb11u5
2023-03-15 12:13:52 status half-installed libcurl3-gnutls:armhf 7.74.0-1.3+deb11u5
2023-03-15 12:13:52 status unpacked libcurl3-gnutls:armhf 7.74.0-1.3+deb11u7
2023-03-15 12:13:52 upgrade linux-libc-dev:armhf 1:1.20230106-1 1:1.20230306-1
2023-03-15 12:13:52 status half-configured linux-libc-dev:armhf 1:1.20230106-1
2023-03-15 12:13:52 status unpacked linux-libc-dev:armhf 1:1.20230106-1
2023-03-15 12:13:52 status half-installed linux-libc-dev:armhf 1:1.20230106-1
2023-03-15 12:13:56 status unpacked linux-libc-dev:armhf 1:1.20230306-1
2023-03-15 12:13:57 upgrade python3-libcamera:armhf 0~git20230124+9b860a66-1 0~git20230302+923f5d70-1
2023-03-15 12:13:57 status half-configured python3-libcamera:armhf 0~git20230124+9b860a66-1
2023-03-15 12:13:57 status unpacked python3-libcamera:armhf 0~git20230124+9b860a66-1
2023-03-15 12:13:57 status half-installed python3-libcamera:armhf 0~git20230124+9b860a66-1
2023-03-15 12:13:57 status unpacked python3-libcamera:armhf 0~git20230302+923f5d70-1
2023-03-15 12:13:57 upgrade python3-v4l2:all 0.3.1-1 0.3.2-1
2023-03-15 12:13:57 status half-configured python3-v4l2:all 0.3.1-1
2023-03-15 12:13:58 status unpacked python3-v4l2:all 0.3.1-1
2023-03-15 12:13:58 status half-installed python3-v4l2:all 0.3.1-1
2023-03-15 12:13:58 status unpacked python3-v4l2:all 0.3.2-1
2023-03-15 12:13:58 upgrade python3-picamera2:all 0.3.8-1 0.3.9-1
2023-03-15 12:13:58 status half-configured python3-picamera2:all 0.3.8-1
2023-03-15 12:13:58 status unpacked python3-picamera2:all 0.3.8-1
2023-03-15 12:13:58 status half-installed python3-picamera2:all 0.3.8-1
2023-03-15 12:13:58 status unpacked python3-picamera2:all 0.3.9-1
2023-03-15 12:13:59 upgrade raspberrypi-bootloader:armhf 1:1.20230106-1 1:1.20230306-1
2023-03-15 12:13:59 status half-configured raspberrypi-bootloader:armhf 1:1.20230106-1
2023-03-15 12:13:59 status unpacked raspberrypi-bootloader:armhf 1:1.20230106-1
2023-03-15 12:13:59 status half-installed raspberrypi-bootloader:armhf 1:1.20230106-1
2023-03-15 12:14:05 status unpacked raspberrypi-bootloader:armhf 1:1.20230306-1
2023-03-15 12:14:05 upgrade vcdbg:armhf 1:1.20230106-1 1:1.20230306-1
2023-03-15 12:14:05 status half-configured vcdbg:armhf 1:1.20230106-1
2023-03-15 12:14:05 status unpacked vcdbg:armhf 1:1.20230106-1
2023-03-15 12:14:05 status half-installed vcdbg:armhf 1:1.20230106-1
2023-03-15 12:14:05 status unpacked vcdbg:armhf 1:1.20230306-1
2023-03-15 12:14:05 startup packages configure
2023-03-15 12:14:05 configure vcdbg:armhf 1:1.20230306-1 <none>
2023-03-15 12:14:05 status unpacked vcdbg:armhf 1:1.20230306-1
2023-03-15 12:14:05 status half-configured vcdbg:armhf 1:1.20230306-1
2023-03-15 12:14:07 status installed vcdbg:armhf 1:1.20230306-1
2023-03-15 12:14:07 configure linux-libc-dev:armhf 1:1.20230306-1 <none>
2023-03-15 12:14:07 status unpacked linux-libc-dev:armhf 1:1.20230306-1
2023-03-15 12:14:07 status half-configured linux-libc-dev:armhf 1:1.20230306-1
2023-03-15 12:14:07 status installed linux-libc-dev:armhf 1:1.20230306-1
2023-03-15 12:14:07 configure libcurl3-gnutls:armhf 7.74.0-1.3+deb11u7 <none>
2023-03-15 12:14:07 status unpacked libcurl3-gnutls:armhf 7.74.0-1.3+deb11u7
2023-03-15 12:14:07 status half-configured libcurl3-gnutls:armhf 7.74.0-1.3+deb11u7
2023-03-15 12:14:07 status installed libcurl3-gnutls:armhf 7.74.0-1.3+deb11u7
2023-03-15 12:14:07 configure raspberrypi-kernel:armhf 1:1.20230306-1 <none>
2023-03-15 12:14:07 status unpacked raspberrypi-kernel:armhf 1:1.20230306-1
2023-03-15 12:14:07 status half-configured raspberrypi-kernel:armhf 1:1.20230306-1
2023-03-15 12:14:50 status installed raspberrypi-kernel:armhf 1:1.20230306-1
2023-03-15 12:14:50 configure python3-v4l2:all 0.3.2-1 <none>
2023-03-15 12:14:50 status unpacked python3-v4l2:all 0.3.2-1
2023-03-15 12:14:50 status half-configured python3-v4l2:all 0.3.2-1
2023-03-15 12:14:51 status installed python3-v4l2:all 0.3.2-1
2023-03-15 12:14:51 configure raspberrypi-bootloader:armhf 1:1.20230306-1 <none>
2023-03-15 12:14:51 status unpacked raspberrypi-bootloader:armhf 1:1.20230306-1
2023-03-15 12:14:51 status half-configured raspberrypi-bootloader:armhf 1:1.20230306-1
2023-03-15 12:14:55 status installed raspberrypi-bootloader:armhf 1:1.20230306-1
2023-03-15 12:14:55 configure libcurl4:armhf 7.74.0-1.3+deb11u7 <none>
2023-03-15 12:14:55 status unpacked libcurl4:armhf 7.74.0-1.3+deb11u7
2023-03-15 12:14:55 status half-configured libcurl4:armhf 7.74.0-1.3+deb11u7
2023-03-15 12:14:55 status installed libcurl4:armhf 7.74.0-1.3+deb11u7
2023-03-15 12:14:55 configure libtiff5:armhf 4.2.0-1+deb11u4 <none>
2023-03-15 12:14:55 status unpacked libtiff5:armhf 4.2.0-1+deb11u4
2023-03-15 12:14:55 status half-configured libtiff5:armhf 4.2.0-1+deb11u4
2023-03-15 12:14:55 status installed libtiff5:armhf 4.2.0-1+deb11u4
2023-03-15 12:14:55 configure curl:armhf 7.74.0-1.3+deb11u7 <none>
2023-03-15 12:14:55 status unpacked curl:armhf 7.74.0-1.3+deb11u7
2023-03-15 12:14:55 status half-configured curl:armhf 7.74.0-1.3+deb11u7
2023-03-15 12:14:55 status installed curl:armhf 7.74.0-1.3+deb11u7
2023-03-15 12:14:55 configure libcamera0:armhf 0~git20230302+923f5d70-1 <none>
2023-03-15 12:14:55 status unpacked libcamera0:armhf 0~git20230302+923f5d70-1
2023-03-15 12:14:55 status half-configured libcamera0:armhf 0~git20230302+923f5d70-1
2023-03-15 12:14:55 status installed libcamera0:armhf 0~git20230302+923f5d70-1
2023-03-15 12:14:55 configure python3-libcamera:armhf 0~git20230302+923f5d70-1 <none>
2023-03-15 12:14:55 status unpacked python3-libcamera:armhf 0~git20230302+923f5d70-1
2023-03-15 12:14:55 status half-configured python3-libcamera:armhf 0~git20230302+923f5d70-1
2023-03-15 12:14:56 status installed python3-libcamera:armhf 0~git20230302+923f5d70-1
2023-03-15 12:14:56 configure libcamera-apps-lite:armhf 0~git20230301+54a781d-1 <none>
2023-03-15 12:14:56 status unpacked libcamera-apps-lite:armhf 0~git20230301+54a781d-1
2023-03-15 12:14:56 status half-configured libcamera-apps-lite:armhf 0~git20230301+54a781d-1
2023-03-15 12:14:56 status installed libcamera-apps-lite:armhf 0~git20230301+54a781d-1
2023-03-15 12:14:56 configure python3-picamera2:all 0.3.9-1 <none>
2023-03-15 12:14:56 status unpacked python3-picamera2:all 0.3.9-1
2023-03-15 12:14:56 status half-configured python3-picamera2:all 0.3.9-1
2023-03-15 12:14:57 status installed python3-picamera2:all 0.3.9-1
2023-03-15 12:14:57 trigproc man-db:armhf 2.9.4-2 <none>
2023-03-15 12:14:57 status half-configured man-db:armhf 2.9.4-2
2023-03-15 12:14:58 status installed man-db:armhf 2.9.4-2
2023-03-15 12:14:58 trigproc libc-bin:armhf 2.31-13+rpt2+rpi1+deb11u5 <none>
2023-03-15 12:14:58 status half-configured libc-bin:armhf 2.31-13+rpt2+rpi1+deb11u5
2023-03-15 12:14:58 status installed libc-bin:armhf 2.31-13+rpt2+rpi1+deb11u5
2023-03-15 12:16:40 startup archives unpack
2023-03-15 12:16:40 install libgpm2:armhf <none> 1.20.7-8
2023-03-15 12:16:40 status triggers-pending libc-bin:armhf 2.31-13+rpt2+rpi1+deb11u5
2023-03-15 12:16:40 status half-installed libgpm2:armhf 1.20.7-8
2023-03-15 12:16:40 status unpacked libgpm2:armhf 1.20.7-8
2023-03-15 12:16:40 install vim-runtime:all <none> 2:8.2.2434-3+deb11u1
2023-03-15 12:16:40 status half-installed vim-runtime:all 2:8.2.2434-3+deb11u1
2023-03-15 12:16:41 status triggers-pending man-db:armhf 2.9.4-2
2023-03-15 12:16:45 status unpacked vim-runtime:all 2:8.2.2434-3+deb11u1
2023-03-15 12:16:45 install vim:armhf <none> 2:8.2.2434-3+deb11u1
2023-03-15 12:16:45 status half-installed vim:armhf 2:8.2.2434-3+deb11u1
2023-03-15 12:16:46 status unpacked vim:armhf 2:8.2.2434-3+deb11u1
2023-03-15 12:16:46 startup packages configure
2023-03-15 12:16:46 configure libgpm2:armhf 1.20.7-8 <none>
2023-03-15 12:16:46 status unpacked libgpm2:armhf 1.20.7-8
2023-03-15 12:16:46 status half-configured libgpm2:armhf 1.20.7-8
2023-03-15 12:16:46 status installed libgpm2:armhf 1.20.7-8
2023-03-15 12:16:46 configure vim-runtime:all 2:8.2.2434-3+deb11u1 <none>
2023-03-15 12:16:46 status unpacked vim-runtime:all 2:8.2.2434-3+deb11u1
2023-03-15 12:16:46 status half-configured vim-runtime:all 2:8.2.2434-3+deb11u1
2023-03-15 12:16:47 status installed vim-runtime:all 2:8.2.2434-3+deb11u1
2023-03-15 12:16:47 configure vim:armhf 2:8.2.2434-3+deb11u1 <none>
2023-03-15 12:16:47 status unpacked vim:armhf 2:8.2.2434-3+deb11u1
2023-03-15 12:16:47 status half-configured vim:armhf 2:8.2.2434-3+deb11u1
2023-03-15 12:16:47 status installed vim:armhf 2:8.2.2434-3+deb11u1
2023-03-15 12:16:47 trigproc man-db:armhf 2.9.4-2 <none>
2023-03-15 12:16:47 status half-configured man-db:armhf 2.9.4-2
2023-03-15 12:16:49 status installed man-db:armhf 2.9.4-2
2023-03-15 12:16:50 trigproc libc-bin:armhf 2.31-13+rpt2+rpi1+deb11u5 <none>
2023-03-15 12:16:50 status half-configured libc-bin:armhf 2.31-13+rpt2+rpi1+deb11u5
2023-03-15 12:16:51 status installed libc-bin:armhf 2.31-13+rpt2+rpi1+deb11u5
