Feb 21 01:23:35 raspberrypi mtp-probe: checking bus 1, device 3: "/sys/devices/platform/soc/3f980000.usb/usb1/1-1/1-1.1"
Feb 21 01:23:35 raspberrypi mtp-probe: checking bus 1, device 4: "/sys/devices/platform/soc/3f980000.usb/usb1/1-1/1-1.3"
Feb 21 01:23:35 raspberrypi mtp-probe: bus: 1, device: 4 was not an MTP device
Feb 21 01:23:35 raspberrypi mtp-probe: bus: 1, device: 3 was not an MTP device
Feb 21 01:23:36 raspberrypi udisksd[448]: udisks daemon version 2.9.2 starting
Feb 21 01:23:36 raspberrypi udisksd[448]: failed to load module mdraid: libbd_mdraid.so.2: cannot open shared object file: No such file or directory
Feb 21 01:23:36 raspberrypi udisksd[448]: Failed to load the 'mdraid' libblockdev plugin
Feb 21 01:23:37 raspberrypi udisksd[448]: Acquired the name org.freedesktop.UDisks2 on the system message bus
Mar 15 11:40:27 rpi-master mtp-probe: checking bus 1, device 3: "/sys/devices/platform/soc/3f980000.usb/usb1/1-1/1-1.1"
Mar 15 11:40:27 rpi-master mtp-probe: checking bus 1, device 4: "/sys/devices/platform/soc/3f980000.usb/usb1/1-1/1-1.3"
Mar 15 11:40:27 rpi-master mtp-probe: bus: 1, device: 4 was not an MTP device
Mar 15 11:40:27 rpi-master mtp-probe: bus: 1, device: 3 was not an MTP device
Mar 15 13:11:27 rpi-master mtp-probe: checking bus 1, device 3: "/sys/devices/platform/soc/3f980000.usb/usb1/1-1/1-1.1"
Mar 15 13:11:27 rpi-master mtp-probe: checking bus 1, device 4: "/sys/devices/platform/soc/3f980000.usb/usb1/1-1/1-1.3"
Mar 15 13:11:27 rpi-master mtp-probe: bus: 1, device: 4 was not an MTP device
Mar 15 13:11:27 rpi-master mtp-probe: bus: 1, device: 3 was not an MTP device
Mar 15 13:21:27 rpi-master mtp-probe: checking bus 1, device 4: "/sys/devices/platform/soc/3f980000.usb/usb1/1-1/1-1.3"
Mar 15 13:21:27 rpi-master mtp-probe: bus: 1, device: 4 was not an MTP device
Mar 15 13:21:27 rpi-master mtp-probe: checking bus 1, device 3: "/sys/devices/platform/soc/3f980000.usb/usb1/1-1/1-1.1"
Mar 15 13:21:27 rpi-master mtp-probe: bus: 1, device: 3 was not an MTP device
Mar 15 13:23:04 rpi-master mtp-probe: checking bus 1, device 4: "/sys/devices/platform/soc/3f980000.usb/usb1/1-1/1-1.3"
Mar 15 13:23:04 rpi-master mtp-probe: checking bus 1, device 3: "/sys/devices/platform/soc/3f980000.usb/usb1/1-1/1-1.1"
Mar 15 13:23:04 rpi-master mtp-probe: bus: 1, device: 4 was not an MTP device
Mar 15 13:23:04 rpi-master mtp-probe: bus: 1, device: 3 was not an MTP device
Mar 15 13:41:06 rpi-master mtp-probe: checking bus 1, device 5: "/sys/devices/platform/soc/3f980000.usb/usb1/1-1/1-1.1/1-1.1.1"
Mar 15 13:41:06 rpi-master mtp-probe: checking bus 1, device 4: "/sys/devices/platform/soc/3f980000.usb/usb1/1-1/1-1.1/1-1.1.3"
Mar 15 13:41:06 rpi-master mtp-probe: bus: 1, device: 4 was not an MTP device
Mar 15 13:41:06 rpi-master mtp-probe: bus: 1, device: 5 was not an MTP device
Mar 16 17:12:18 rpi-master mtp-probe: checking bus 1, device 4: "/sys/devices/platform/soc/3f980000.usb/usb1/1-1/1-1.2"
Mar 16 17:12:18 rpi-master mtp-probe: bus: 1, device: 4 was not an MTP device
Mar 16 17:12:18 rpi-master mtp-probe: checking bus 1, device 5: "/sys/devices/platform/soc/3f980000.usb/usb1/1-1/1-1.1/1-1.1.1"
Mar 16 17:12:18 rpi-master mtp-probe: bus: 1, device: 5 was not an MTP device
Mar 16 17:17:50 rpi-master mtp-probe: checking bus 1, device 5: "/sys/devices/platform/soc/3f980000.usb/usb1/1-1/1-1.1/1-1.1.1"
Mar 16 17:17:50 rpi-master mtp-probe: checking bus 1, device 4: "/sys/devices/platform/soc/3f980000.usb/usb1/1-1/1-1.2"
Mar 16 17:17:50 rpi-master mtp-probe: bus: 1, device: 4 was not an MTP device
Mar 16 17:17:50 rpi-master mtp-probe: bus: 1, device: 5 was not an MTP device
Mar 16 17:20:57 rpi-master mtp-probe: checking bus 1, device 5: "/sys/devices/platform/soc/3f980000.usb/usb1/1-1/1-1.1/1-1.1.1"
Mar 16 17:20:57 rpi-master mtp-probe: checking bus 1, device 4: "/sys/devices/platform/soc/3f980000.usb/usb1/1-1/1-1.2"
Mar 16 17:20:57 rpi-master mtp-probe: bus: 1, device: 4 was not an MTP device
Mar 16 17:20:57 rpi-master mtp-probe: bus: 1, device: 5 was not an MTP device
